c:\users\d-jhkim\source\repos\iocptest\build\impl_lib\x64\debug\impl_lib.pch
c:\users\d-jhkim\source\repos\iocptest\build\impl_lib\x64\debug\impl_lib.pdb
c:\users\d-jhkim\source\repos\iocptest\build\impl_lib\x64\debug\impl_lib.idb
c:\users\d-jhkim\source\repos\iocptest\build\impl_lib\x64\debug\pch.obj
c:\users\d-jhkim\source\repos\iocptest\build\impl_lib\x64\debug\util.obj
c:\users\d-jhkim\source\repos\iocptest\build\impl_lib\x64\debug\timer.obj
c:\users\d-jhkim\source\repos\iocptest\build\impl_lib\x64\debug\quicklz.obj
c:\users\d-jhkim\source\repos\iocptest\build\impl_lib\x64\debug\odbc.obj
c:\users\d-jhkim\source\repos\iocptest\build\impl_lib\x64\debug\server.obj
c:\users\d-jhkim\source\repos\iocptest\build\impl_lib\x64\debug\log_tool.obj
c:\users\d-jhkim\source\repos\iocptest\build\impl_lib\x64\debug\exception_handler.obj
c:\users\d-jhkim\source\repos\iocptest\build\impl_lib\x64\debug\impl_lib.lib
c:\users\d-jhkim\source\repos\iocptest\build\impl_lib\x64\debug\impl_lib.res
c:\users\d-jhkim\source\repos\iocptest\build\impl_lib\x64\debug\impl_lib.tlog\cl.command.1.tlog
c:\users\d-jhkim\source\repos\iocptest\build\impl_lib\x64\debug\impl_lib.tlog\cl.read.1.tlog
c:\users\d-jhkim\source\repos\iocptest\build\impl_lib\x64\debug\impl_lib.tlog\cl.write.1.tlog
c:\users\d-jhkim\source\repos\iocptest\build\impl_lib\x64\debug\impl_lib.tlog\lib-link-cvtres.read.1.tlog
c:\users\d-jhkim\source\repos\iocptest\build\impl_lib\x64\debug\impl_lib.tlog\lib-link-cvtres.write.1.tlog
c:\users\d-jhkim\source\repos\iocptest\build\impl_lib\x64\debug\impl_lib.tlog\lib.command.1.tlog
c:\users\d-jhkim\source\repos\iocptest\build\impl_lib\x64\debug\impl_lib.tlog\rc.command.1.tlog
c:\users\d-jhkim\source\repos\iocptest\build\impl_lib\x64\debug\impl_lib.tlog\rc.read.1.tlog
c:\users\d-jhkim\source\repos\iocptest\build\impl_lib\x64\debug\impl_lib.tlog\rc.write.1.tlog
