c:\users\d-jhkim\source\repos\iocptest\build\impl_lib\x64\release\impl_lib.pch
c:\users\d-jhkim\source\repos\iocptest\build\impl_lib\x64\release\impl_lib.pdb
c:\users\d-jhkim\source\repos\iocptest\build\impl_lib\x64\release\pch.obj
c:\users\d-jhkim\source\repos\iocptest\build\impl_lib\x64\release\util.obj
c:\users\d-jhkim\source\repos\iocptest\build\impl_lib\x64\release\timer.obj
c:\users\d-jhkim\source\repos\iocptest\build\impl_lib\x64\release\quicklz.obj
c:\users\d-jhkim\source\repos\iocptest\build\impl_lib\x64\release\odbc.obj
c:\users\d-jhkim\source\repos\iocptest\build\impl_lib\x64\release\server.obj
c:\users\d-jhkim\source\repos\iocptest\build\impl_lib\x64\release\log_tool.obj
c:\users\d-jhkim\source\repos\iocptest\build\impl_lib\x64\release\exception_handler.obj
c:\users\d-jhkim\source\repos\iocptest\build\impl_lib\x64\release\impl_lib.lib
c:\users\d-jhkim\source\repos\iocptest\build\impl_lib\x64\release\impl_lib.res
c:\users\d-jhkim\source\repos\iocptest\build\impl_lib\x64\release\impl_lib.tlog\cl.command.1.tlog
c:\users\d-jhkim\source\repos\iocptest\build\impl_lib\x64\release\impl_lib.tlog\cl.read.1.tlog
c:\users\d-jhkim\source\repos\iocptest\build\impl_lib\x64\release\impl_lib.tlog\cl.write.1.tlog
c:\users\d-jhkim\source\repos\iocptest\build\impl_lib\x64\release\impl_lib.tlog\lib-link-cvtres.read.1.tlog
c:\users\d-jhkim\source\repos\iocptest\build\impl_lib\x64\release\impl_lib.tlog\lib-link-cvtres.write.1.tlog
c:\users\d-jhkim\source\repos\iocptest\build\impl_lib\x64\release\impl_lib.tlog\lib.command.1.tlog
c:\users\d-jhkim\source\repos\iocptest\build\impl_lib\x64\release\impl_lib.tlog\rc.command.1.tlog
c:\users\d-jhkim\source\repos\iocptest\build\impl_lib\x64\release\impl_lib.tlog\rc.read.1.tlog
c:\users\d-jhkim\source\repos\iocptest\build\impl_lib\x64\release\impl_lib.tlog\rc.write.1.tlog
