  server.cpp
  *************************************************************************************************************
  ***************************************     impl_lib                   **************************************
  ***************************************     ver (0.1.0.0)              **************************************
  ***************************************     fix day (2020/03/30)       **************************************
  ***************************************     x64 : debug                **************************************
  *************************************************************************************************************
  Please define _WIN32_WINNT or _WIN32_WINDOWS appropriately. For example:
  - add -D_WIN32_WINNT=0x0601 to the compiler command line; or
  - add _WIN32_WINNT=0x0601 to your project's Preprocessor Definitions.
  Assuming _WIN32_WINNT=0x0601 (i.e. Windows 7 target).
  common.cpp
  handler.cpp
  session.cpp
  session_manager.cpp
  trade_server.cpp
LINK : warning LNK4075: ignoring '/INCREMENTAL' due to '/LTCG' specification
  Generating code
  Previous IPDB not found, fall back to full compilation.
  All 9771 functions were compiled because no usable IPDB/IOBJ from previous compilation was found.
  Finished generating code
  server.vcxproj -> C:\Users\D-jhkim\source\repos\iocptest\build\server\x64\Release\server.exe
